<?xml version="1.0" encoding="UTF-8"?>
<!-- Generated by org.testng.reporters.JUnitReportReporter -->
<testsuite hostname="Supriya-CS" failures="0" tests="1" name="gitTest" time="0.005" errors="0" timestamp="30 Nov 2023 10:01:25 GMT" skipped="0">
  <testcase classname="gitTest" name="f" time="0.005"/>
</testsuite> <!-- gitTest -->
